# JRE version: Java(TM) SE Runtime Environment (8.0_91-b15) (build 1.8.0_91-b15)
# Java VM: Java HotSpot(TM) 64-Bit Server VM (25.91-b15 mixed mode windows-amd64 compressed oops)
Heap:
 PSYoungGen      total 692224K, used 227813K [0x000000076db00000, 0x000000079ac00000, 0x00000007c0000000)
  eden space 672256K, 30% used [0x000000076db00000,0x000000077a662aa0,0x0000000796b80000)
  from space 19968K, 97% used [0x0000000799880000,0x000000079ab969c8,0x000000079ac00000)
  to   space 27648K, 0% used [0x0000000797600000,0x0000000797600000,0x0000000799100000)
 ParOldGen       total 185344K, used 39769K [0x00000006c9000000, 0x00000006d4500000, 0x000000076db00000)
  object space 185344K, 21% used [0x00000006c9000000,0x00000006cb6d6600,0x00000006d4500000)
 Metaspace       used 77410K, capacity 81105K, committed 81408K, reserved 1120256K
  class space    used 10590K, capacity 11246K, committed 11264K, reserved 1048576K
GC Heap History (10 events):
Event: 13.898 GC heap before
{Heap before GC invocations=11 (full 2):
 PSYoungGen      total 446976K, used 436736K [0x000000076db00000, 0x000000078bb00000, 0x00000007c0000000)
  eden space 436736K, 100% used [0x000000076db00000,0x0000000788580000,0x0000000788580000)
  from space 10240K, 0% used [0x0000000789400000,0x0000000789400000,0x0000000789e00000)
  to   space 14848K, 0% used [0x0000000788580000,0x0000000788580000,0x0000000789400000)
 ParOldGen       total 130048K, used 23270K [0x00000006c9000000, 0x00000006d0f00000, 0x000000076db00000)
  object space 130048K, 17% used [0x00000006c9000000,0x00000006ca6b9ad0,0x00000006d0f00000)
 Metaspace       used 47718K, capacity 49597K, committed 49920K, reserved 1091584K
  class space    used 6414K, capacity 6792K, committed 6912K, reserved 1048576K
Event: 13.915 GC heap after
Heap after GC invocations=11 (full 2):
 PSYoungGen      total 451584K, used 14838K [0x000000076db00000, 0x0000000793000000, 0x00000007c0000000)
  eden space 436736K, 0% used [0x000000076db00000,0x000000076db00000,0x0000000788580000)
  from space 14848K, 99% used [0x0000000788580000,0x00000007893fda78,0x0000000789400000)
  to   space 19968K, 0% used [0x0000000791c80000,0x0000000791c80000,0x0000000793000000)
 ParOldGen       total 130048K, used 30820K [0x00000006c9000000, 0x00000006d0f00000, 0x000000076db00000)
  object space 130048K, 23% used [0x00000006c9000000,0x00000006cae192e0,0x00000006d0f00000)
 Metaspace       used 47718K, capacity 49597K, committed 49920K, reserved 1091584K
  class space    used 6414K, capacity 6792K, committed 6912K, reserved 1048576K
}
Event: 15.355 GC heap before
{Heap before GC invocations=12 (full 2):
 PSYoungGen      total 451584K, used 253988K [0x000000076db00000, 0x0000000793000000, 0x00000007c0000000)
  eden space 436736K, 54% used [0x000000076db00000,0x000000077c48b658,0x0000000788580000)
  from space 14848K, 99% used [0x0000000788580000,0x00000007893fda78,0x0000000789400000)
  to   space 19968K, 0% used [0x0000000791c80000,0x0000000791c80000,0x0000000793000000)
 ParOldGen       total 130048K, used 30820K [0x00000006c9000000, 0x00000006d0f00000, 0x000000076db00000)
  object space 130048K, 23% used [0x00000006c9000000,0x00000006cae192e0,0x00000006d0f00000)
 Metaspace       used 56704K, capacity 58987K, committed 59136K, reserved 1099776K
  class space    used 7706K, capacity 8149K, committed 8192K, reserved 1048576K
Event: 15.371 GC heap after
Heap after GC invocations=12 (full 2):
 PSYoungGen      total 584704K, used 19967K [0x000000076db00000, 0x0000000793180000, 0x00000007c0000000)
  eden space 564736K, 0% used [0x000000076db00000,0x000000076db00000,0x0000000790280000)
  from space 19968K, 99% used [0x0000000791c80000,0x0000000792fffed8,0x0000000793000000)
  to   space 24064K, 0% used [0x0000000790280000,0x0000000790280000,0x0000000791a00000)
 ParOldGen       total 130048K, used 34355K [0x00000006c9000000, 0x00000006d0f00000, 0x000000076db00000)
  object space 130048K, 26% used [0x00000006c9000000,0x00000006cb18cd38,0x00000006d0f00000)
 Metaspace       used 56704K, capacity 58987K, committed 59136K, reserved 1099776K
  class space    used 7706K, capacity 8149K, committed 8192K, reserved 1048576K
}
Event: 15.371 GC heap before
{Heap before GC invocations=13 (full 3):
 PSYoungGen      total 584704K, used 19967K [0x000000076db00000, 0x0000000793180000, 0x00000007c0000000)
  eden space 564736K, 0% used [0x000000076db00000,0x000000076db00000,0x0000000790280000)
  from space 19968K, 99% used [0x0000000791c80000,0x0000000792fffed8,0x0000000793000000)
  to   space 24064K, 0% used [0x0000000790280000,0x0000000790280000,0x0000000791a00000)
 ParOldGen       total 130048K, used 34355K [0x00000006c9000000, 0x00000006d0f00000, 0x000000076db00000)
  object space 130048K, 26% used [0x00000006c9000000,0x00000006cb18cd38,0x00000006d0f00000)
 Metaspace       used 56704K, capacity 58987K, committed 59136K, reserved 1099776K
  class space    used 7706K, capacity 8149K, committed 8192K, reserved 1048576K
Event: 15.568 GC heap after
Heap after GC invocations=13 (full 3):
 PSYoungGen      total 584704K, used 0K [0x000000076db00000, 0x0000000793180000, 0x00000007c0000000)
  eden space 564736K, 0% used [0x000000076db00000,0x000000076db00000,0x0000000790280000)
  from space 19968K, 0% used [0x0000000791c80000,0x0000000791c80000,0x0000000793000000)
  to   space 24064K, 0% used [0x0000000790280000,0x0000000790280000,0x0000000791a00000)
 ParOldGen       total 185344K, used 39753K [0x00000006c9000000, 0x00000006d4500000, 0x000000076db00000)
  object space 185344K, 21% used [0x00000006c9000000,0x00000006cb6d2600,0x00000006d4500000)
 Metaspace       used 56704K, capacity 58987K, committed 59136K, reserved 1099776K
  class space    used 7706K, capacity 8149K, committed 8192K, reserved 1048576K
}
Event: 19.663 GC heap before
{Heap before GC invocations=14 (full 3):
 PSYoungGen      total 584704K, used 564736K [0x000000076db00000, 0x0000000793180000, 0x00000007c0000000)
  eden space 564736K, 100% used [0x000000076db00000,0x0000000790280000,0x0000000790280000)
  from space 19968K, 0% used [0x0000000791c80000,0x0000000791c80000,0x0000000793000000)
  to   space 24064K, 0% used [0x0000000790280000,0x0000000790280000,0x0000000791a00000)
 ParOldGen       total 185344K, used 39753K [0x00000006c9000000, 0x00000006d4500000, 0x000000076db00000)
  object space 185344K, 21% used [0x00000006c9000000,0x00000006cb6d2600,0x00000006d4500000)
 Metaspace       used 69387K, capacity 72621K, committed 72832K, reserved 1112064K
  class space    used 9505K, capacity 10098K, committed 10112K, reserved 1048576K
Event: 19.697 GC heap after
Heap after GC invocations=14 (full 3):
 PSYoungGen      total 588800K, used 21747K [0x000000076db00000, 0x000000079b280000, 0x00000007c0000000)
  eden space 564736K, 0% used [0x000000076db00000,0x000000076db00000,0x0000000790280000)
  from space 24064K, 90% used [0x0000000790280000,0x00000007917bccb0,0x0000000791a00000)
  to   space 26624K, 0% used [0x0000000799880000,0x0000000799880000,0x000000079b280000)
 ParOldGen       total 185344K, used 39761K [0x00000006c9000000, 0x00000006d4500000, 0x000000076db00000)
  object space 185344K, 21% used [0x00000006c9000000,0x00000006cb6d4600,0x00000006d4500000)
 Metaspace       used 69387K, capacity 72621K, committed 72832K, reserved 1112064K
  class space    used 9505K, capacity 10098K, committed 10112K, reserved 1048576K
}
Event: 37.756 GC heap before
{Heap before GC invocations=15 (full 3):
 PSYoungGen      total 588800K, used 586483K [0x000000076db00000, 0x000000079b280000, 0x00000007c0000000)
  eden space 564736K, 100% used [0x000000076db00000,0x0000000790280000,0x0000000790280000)
  from space 24064K, 90% used [0x0000000790280000,0x00000007917bccb0,0x0000000791a00000)
  to   space 26624K, 0% used [0x0000000799880000,0x0000000799880000,0x000000079b280000)
 ParOldGen       total 185344K, used 39761K [0x00000006c9000000, 0x00000006d4500000, 0x000000076db00000)
  object space 185344K, 21% used [0x00000006c9000000,0x00000006cb6d4600,0x00000006d4500000)
 Metaspace       used 77076K, capacity 80765K, committed 80896K, reserved 1118208K
  class space    used 10541K, capacity 11178K, committed 11264K, reserved 1048576K
Event: 37.778 GC heap after
Heap after GC invocations=15 (full 3):
 PSYoungGen      total 692224K, used 19546K [0x000000076db00000, 0x000000079ac00000, 0x00000007c0000000)
  eden space 672256K, 0% used [0x000000076db00000,0x000000076db00000,0x0000000796b80000)
  from space 19968K, 97% used [0x0000000799880000,0x000000079ab969c8,0x000000079ac00000)
  to   space 27648K, 0% used [0x0000000797600000,0x0000000797600000,0x0000000799100000)
 ParOldGen       total 185344K, used 39769K [0x00000006c9000000, 0x00000006d4500000, 0x000000076db00000)
  object space 185344K, 21% used [0x00000006c9000000,0x00000006cb6d6600,0x00000006d4500000)
 Metaspace       used 77076K, capacity 80765K, committed 80896K, reserved 1118208K
  class space    used 10541K, capacity 11178K, committed 11264K, reserved 1048576K
}

