# JRE version: Java(TM) SE Runtime Environment (8.0_91-b15) (build 1.8.0_91-b15)
# Java VM: Java HotSpot(TM) 64-Bit Server VM (25.91-b15 mixed mode windows-amd64 compressed oops)
Heap:
 PSYoungGen      total 777728K, used 231174K [0x000000076db00000, 0x00000007a6200000, 0x00000007c0000000)
  eden space 755712K, 28% used [0x000000076db00000,0x000000077af6b5a8,0x000000079bd00000)
  from space 22016K, 62% used [0x000000079bd00000,0x000000079ca56448,0x000000079d280000)
  to   space 22016K, 0% used [0x00000007a4c80000,0x00000007a4c80000,0x00000007a6200000)
 ParOldGen       total 175616K, used 54131K [0x00000006c9000000, 0x00000006d3b80000, 0x000000076db00000)
  object space 175616K, 30% used [0x00000006c9000000,0x00000006cc4dcf78,0x00000006d3b80000)
 Metaspace       used 77768K, capacity 81492K, committed 81752K, reserved 1120256K
  class space    used 10625K, capacity 11285K, committed 11392K, reserved 1048576K
GC Heap History (10 events):
Event: 9.589 GC heap before
{Heap before GC invocations=12 (full 2):
 PSYoungGen      total 395776K, used 380928K [0x000000076db00000, 0x0000000792180000, 0x00000007c0000000)
  eden space 380928K, 100% used [0x000000076db00000,0x0000000784f00000,0x0000000784f00000)
  from space 14848K, 0% used [0x0000000784f00000,0x0000000784f00000,0x0000000785d80000)
  to   space 13824K, 0% used [0x0000000791400000,0x0000000791400000,0x0000000792180000)
 ParOldGen       total 118784K, used 18099K [0x00000006c9000000, 0x00000006d0400000, 0x000000076db00000)
  object space 118784K, 15% used [0x00000006c9000000,0x00000006ca1ace80,0x00000006d0400000)
 Metaspace       used 45951K, capacity 47780K, committed 48128K, reserved 1091584K
  class space    used 6178K, capacity 6555K, committed 6656K, reserved 1048576K
Event: 9.607 GC heap after
Heap after GC invocations=12 (full 2):
 PSYoungGen      total 558080K, used 13808K [0x000000076db00000, 0x0000000792180000, 0x00000007c0000000)
  eden space 544256K, 0% used [0x000000076db00000,0x000000076db00000,0x000000078ee80000)
  from space 13824K, 99% used [0x0000000791400000,0x000000079217c0d0,0x0000000792180000)
  to   space 17920K, 0% used [0x000000078fe80000,0x000000078fe80000,0x0000000791000000)
 ParOldGen       total 118784K, used 24231K [0x00000006c9000000, 0x00000006d0400000, 0x000000076db00000)
  object space 118784K, 20% used [0x00000006c9000000,0x00000006ca7a9c88,0x00000006d0400000)
 Metaspace       used 45951K, capacity 47780K, committed 48128K, reserved 1091584K
  class space    used 6178K, capacity 6555K, committed 6656K, reserved 1048576K
}
Event: 11.449 GC heap before
{Heap before GC invocations=13 (full 2):
 PSYoungGen      total 558080K, used 299081K [0x000000076db00000, 0x0000000792180000, 0x00000007c0000000)
  eden space 544256K, 52% used [0x000000076db00000,0x000000077f196728,0x000000078ee80000)
  from space 13824K, 99% used [0x0000000791400000,0x000000079217c0d0,0x0000000792180000)
  to   space 17920K, 0% used [0x000000078fe80000,0x000000078fe80000,0x0000000791000000)
 ParOldGen       total 118784K, used 24231K [0x00000006c9000000, 0x00000006d0400000, 0x000000076db00000)
  object space 118784K, 20% used [0x00000006c9000000,0x00000006ca7a9c88,0x00000006d0400000)
 Metaspace       used 56704K, capacity 59020K, committed 59096K, reserved 1099776K
  class space    used 7720K, capacity 8181K, committed 8192K, reserved 1048576K
Event: 11.467 GC heap after
Heap after GC invocations=13 (full 2):
 PSYoungGen      total 578560K, used 13637K [0x000000076db00000, 0x000000079e800000, 0x00000007c0000000)
  eden space 560640K, 0% used [0x000000076db00000,0x000000076db00000,0x000000078fe80000)
  from space 17920K, 76% used [0x000000078fe80000,0x0000000790bd17a8,0x0000000791000000)
  to   space 18432K, 0% used [0x000000079d600000,0x000000079d600000,0x000000079e800000)
 ParOldGen       total 118784K, used 35930K [0x00000006c9000000, 0x00000006d0400000, 0x000000076db00000)
  object space 118784K, 30% used [0x00000006c9000000,0x00000006cb316bd8,0x00000006d0400000)
 Metaspace       used 56704K, capacity 59020K, committed 59096K, reserved 1099776K
  class space    used 7720K, capacity 8181K, committed 8192K, reserved 1048576K
}
Event: 11.467 GC heap before
{Heap before GC invocations=14 (full 3):
 PSYoungGen      total 578560K, used 13637K [0x000000076db00000, 0x000000079e800000, 0x00000007c0000000)
  eden space 560640K, 0% used [0x000000076db00000,0x000000076db00000,0x000000078fe80000)
  from space 17920K, 76% used [0x000000078fe80000,0x0000000790bd17a8,0x0000000791000000)
  to   space 18432K, 0% used [0x000000079d600000,0x000000079d600000,0x000000079e800000)
 ParOldGen       total 118784K, used 35930K [0x00000006c9000000, 0x00000006d0400000, 0x000000076db00000)
  object space 118784K, 30% used [0x00000006c9000000,0x00000006cb316bd8,0x00000006d0400000)
 Metaspace       used 56704K, capacity 59020K, committed 59096K, reserved 1099776K
  class space    used 7720K, capacity 8181K, committed 8192K, reserved 1048576K
Event: 11.753 GC heap after
Heap after GC invocations=14 (full 3):
 PSYoungGen      total 578560K, used 0K [0x000000076db00000, 0x000000079e800000, 0x00000007c0000000)
  eden space 560640K, 0% used [0x000000076db00000,0x000000076db00000,0x000000078fe80000)
  from space 17920K, 0% used [0x000000078fe80000,0x000000078fe80000,0x0000000791000000)
  to   space 18432K, 0% used [0x000000079d600000,0x000000079d600000,0x000000079e800000)
 ParOldGen       total 175616K, used 41332K [0x00000006c9000000, 0x00000006d3b80000, 0x000000076db00000)
  object space 175616K, 23% used [0x00000006c9000000,0x00000006cb85d010,0x00000006d3b80000)
 Metaspace       used 56704K, capacity 59020K, committed 59096K, reserved 1099776K
  class space    used 7720K, capacity 8181K, committed 8192K, reserved 1048576K
}
Event: 16.028 GC heap before
{Heap before GC invocations=15 (full 3):
 PSYoungGen      total 578560K, used 560640K [0x000000076db00000, 0x000000079e800000, 0x00000007c0000000)
  eden space 560640K, 100% used [0x000000076db00000,0x000000078fe80000,0x000000078fe80000)
  from space 17920K, 0% used [0x000000078fe80000,0x000000078fe80000,0x0000000791000000)
  to   space 18432K, 0% used [0x000000079d600000,0x000000079d600000,0x000000079e800000)
 ParOldGen       total 175616K, used 41332K [0x00000006c9000000, 0x00000006d3b80000, 0x000000076db00000)
  object space 175616K, 23% used [0x00000006c9000000,0x00000006cb85d010,0x00000006d3b80000)
 Metaspace       used 68600K, capacity 71696K, committed 71896K, reserved 1112064K
  class space    used 9408K, capacity 9963K, committed 9984K, reserved 1048576K
Event: 16.055 GC heap after
Heap after GC invocations=15 (full 3):
 PSYoungGen      total 732672K, used 18412K [0x000000076db00000, 0x000000079e800000, 0x00000007c0000000)
  eden space 714240K, 0% used [0x000000076db00000,0x000000076db00000,0x0000000799480000)
  from space 18432K, 99% used [0x000000079d600000,0x000000079e7fb0b8,0x000000079e800000)
  to   space 22016K, 0% used [0x000000079bd00000,0x000000079bd00000,0x000000079d280000)
 ParOldGen       total 175616K, used 44509K [0x00000006c9000000, 0x00000006d3b80000, 0x000000076db00000)
  object space 175616K, 25% used [0x00000006c9000000,0x00000006cbb77468,0x00000006d3b80000)
 Metaspace       used 68600K, capacity 71696K, committed 71896K, reserved 1112064K
  class space    used 9408K, capacity 9963K, committed 9984K, reserved 1048576K
}
Event: 71.982 GC heap before
{Heap before GC invocations=16 (full 3):
 PSYoungGen      total 732672K, used 732652K [0x000000076db00000, 0x000000079e800000, 0x00000007c0000000)
  eden space 714240K, 100% used [0x000000076db00000,0x0000000799480000,0x0000000799480000)
  from space 18432K, 99% used [0x000000079d600000,0x000000079e7fb0b8,0x000000079e800000)
  to   space 22016K, 0% used [0x000000079bd00000,0x000000079bd00000,0x000000079d280000)
 ParOldGen       total 175616K, used 44509K [0x00000006c9000000, 0x00000006d3b80000, 0x000000076db00000)
  object space 175616K, 25% used [0x00000006c9000000,0x00000006cbb77468,0x00000006d3b80000)
 Metaspace       used 77716K, capacity 81422K, committed 81752K, reserved 1120256K
  class space    used 10622K, capacity 11284K, committed 11392K, reserved 1048576K
Event: 72.021 GC heap after
Heap after GC invocations=16 (full 3):
 PSYoungGen      total 777728K, used 13657K [0x000000076db00000, 0x00000007a6200000, 0x00000007c0000000)
  eden space 755712K, 0% used [0x000000076db00000,0x000000076db00000,0x000000079bd00000)
  from space 22016K, 62% used [0x000000079bd00000,0x000000079ca56448,0x000000079d280000)
  to   space 22016K, 0% used [0x00000007a4c80000,0x00000007a4c80000,0x00000007a6200000)
 ParOldGen       total 175616K, used 54131K [0x00000006c9000000, 0x00000006d3b80000, 0x000000076db00000)
  object space 175616K, 30% used [0x00000006c9000000,0x00000006cc4dcf78,0x00000006d3b80000)
 Metaspace       used 77716K, capacity 81422K, committed 81752K, reserved 1120256K
  class space    used 10622K, capacity 11284K, committed 11392K, reserved 1048576K
}

